1513470757 0.042781 401.112640 0.000000 0 3.0.0.1 /index.html
1513470757 0.343498 244.263428 0.000000 0 3.0.0.1 /swfobject.js
1513470802 0.042810 400.840912 0.000000 0 3.0.0.1 /index.html
1513470803 0.340960 246.081650 0.000000 0 3.0.0.1 /swfobject.js
1513470812 9.124252 222.332306 0.000000 0 3.0.0.1 /StrobeMediaPlayback.swf
1513470814 0.894136 239.712967 10.000000 10 3.0.0.1 /vod/10Seg1-Frag1
1513470815 0.883015 257.363678 133.681839 10 3.0.0.1 /vod/10Seg1-Frag2
1513470816 0.904528 256.858826 195.270325 10 3.0.0.1 /vod/10Seg1-Frag3
1513470817 1.325376 254.418365 224.844345 100 3.0.0.1 /vod/100Seg1-Frag4
1513470819 1.380351 258.635651 241.739990 100 3.0.0.1 /vod/100Seg1-Frag5
1513470820 1.379267 257.406281 249.573135 100 3.0.0.1 /vod/100Seg1-Frag6
1513470822 1.392157 252.942734 251.257935 100 3.0.0.1 /vod/100Seg2-Frag7
1513470823 1.341994 254.427368 252.842651 100 3.0.0.1 /vod/100Seg2-Frag8
1513470825 1.383076 257.339447 255.091049 100 3.0.0.1 /vod/100Seg2-Frag9
1513470826 1.380941 271.594513 263.342773 100 3.0.0.1 /vod/100Seg2-Frag10
1513470828 1.432633 259.695251 261.519012 100 3.0.0.1 /vod/100Seg2-Frag11
1513470830 2.122483 314.375183 287.947083 100 3.0.0.1 /vod/100Seg2-Frag12
1513470832 1.837208 182.642365 235.294724 100 3.0.0.1 /vod/100Seg3-Frag13
1513470833 1.289702 254.855774 245.075256 100 3.0.0.1 /vod/100Seg3-Frag14
1513470834 1.152718 255.556000 250.315628 100 3.0.0.1 /vod/100Seg3-Frag15
1513470836 1.073841 255.471710 252.893677 100 3.0.0.1 /vod/100Seg3-Frag16
1513470837 1.066603 255.180237 254.036957 100 3.0.0.1 /vod/100Seg3-Frag17
1513470838 1.117693 252.176575 253.106766 100 3.0.0.1 /vod/100Seg3-Frag18
1513470839 1.027569 256.208588 254.657684 100 3.0.0.1 /vod/100Seg4-Frag19
1513470841 1.333504 254.367447 254.512573 100 3.0.0.1 /vod/100Seg4-Frag20
1513470842 1.053960 255.630188 255.071381 100 3.0.0.1 /vod/100Seg4-Frag21
1513470843 1.024090 256.375916 255.723648 100 3.0.0.1 /vod/100Seg4-Frag22
1513470844 1.379313 285.719055 270.721344 100 3.0.0.1 /vod/100Seg4-Frag23
1513470846 1.497528 238.403549 254.562439 100 3.0.0.1 /vod/100Seg4-Frag24
1513470847 1.379162 275.274414 264.918427 100 3.0.0.1 /vod/100Seg5-Frag25
1513470849 1.415833 244.689880 254.804153 100 3.0.0.1 /vod/100Seg5-Frag26
1513470850 1.235379 255.001907 254.903030 100 3.0.0.1 /vod/100Seg5-Frag27
1513470852 1.254417 255.143219 255.023132 100 3.0.0.1 /vod/100Seg5-Frag28
1513470853 1.326554 254.849777 254.936462 100 3.0.0.1 /vod/100Seg5-Frag29
1513470854 1.267548 253.850739 254.393600 100 3.0.0.1 /vod/100Seg5-Frag30
1513470856 1.296442 254.265137 254.329376 100 3.0.0.1 /vod/100Seg6-Frag31
1513470857 1.277056 254.585541 254.457458 100 3.0.0.1 /vod/100Seg6-Frag32
1513470858 1.133827 255.326431 254.891937 100 3.0.0.1 /vod/100Seg6-Frag33
1513470860 1.141291 255.121613 255.006775 100 3.0.0.1 /vod/100Seg6-Frag34
1513470861 1.190853 254.950027 254.978394 100 3.0.0.1 /vod/100Seg6-Frag35
1513470862 1.235562 254.828171 254.903290 100 3.0.0.1 /vod/100Seg6-Frag36
1513470864 1.170878 254.919815 254.911560 100 3.0.0.1 /vod/100Seg7-Frag37
1513470865 1.126799 255.143997 255.027771 100 3.0.0.1 /vod/100Seg7-Frag38
1513470866 1.135045 255.263885 255.145828 100 3.0.0.1 /vod/100Seg7-Frag39
1513470867 1.095961 254.702499 254.924164 100 3.0.0.1 /vod/100Seg7-Frag40
1513470868 1.114968 255.763397 255.343781 100 3.0.0.1 /vod/100Seg7-Frag41
1513470870 1.032483 255.795013 255.569397 100 3.0.0.1 /vod/100Seg7-Frag42
1513470871 1.036862 256.010925 255.790161 100 3.0.0.1 /vod/100Seg8-Frag43
1513470872 1.157169 255.437195 255.613678 100 3.0.0.1 /vod/100Seg8-Frag44
1513470873 1.290031 254.654343 255.134003 100 3.0.0.1 /vod/100Seg8-Frag45
1513470875 1.272481 254.608124 254.871063 100 3.0.0.1 /vod/100Seg8-Frag46
1513470876 1.191335 255.437805 255.154434 100 3.0.0.1 /vod/100Seg8-Frag47
1513470877 1.379381 271.594299 263.374359 100 3.0.0.1 /vod/100Seg8-Frag48
1513470879 1.425880 277.386597 270.380493 100 3.0.0.1 /vod/100Seg9-Frag49
1513470881 1.490384 229.197311 249.788910 100 3.0.0.1 /vod/100Seg9-Frag50
1513470882 1.166077 254.686447 252.237671 100 3.0.0.1 /vod/100Seg9-Frag51
1513470883 1.318790 254.487823 253.362747 100 3.0.0.1 /vod/100Seg9-Frag52
1513470884 1.166916 255.264297 254.313522 100 3.0.0.1 /vod/100Seg9-Frag53
1513470886 1.246733 253.032532 253.673035 100 3.0.0.1 /vod/100Seg9-Frag54
1513470887 1.337039 252.276855 252.974945 100 3.0.0.1 /vod/100Seg10-Frag55
1513470889 1.381252 267.206848 260.090881 100 3.0.0.1 /vod/100Seg10-Frag56
1513470890 1.076757 249.244720 254.667801 100 3.0.0.1 /vod/100Seg10-Frag57
1513470891 1.102988 254.697235 254.682526 100 3.0.0.1 /vod/100Seg10-Frag58
1513470892 1.074047 254.841736 254.762131 100 3.0.0.1 /vod/100Seg10-Frag59
1513470893 0.986138 256.321136 255.541626 100 3.0.0.1 /vod/100Seg10-Frag60
1513470895 1.089593 255.868011 255.704819 100 3.0.0.1 /vod/100Seg11-Frag61
1513470896 1.071847 256.058929 255.881866 100 3.0.0.1 /vod/100Seg11-Frag62
1513482978 0.041436 414.132629 0.000000 0 (null) /index.html
1513483652 0.308053 272.368713 0.000000 0 (null) /swfobject.js
1513484953 0.006283 322873.781250 0.000000 0 (null) /StrobeMediaPlayback.swf
1513485073 0.007970 254531.484375 0.000000 0 (null) /StrobeMediaPlayback.swf
1513488883 0.009827 206432.875000 0.000000 0 (null) /StrobeMediaPlayback.swf
1513489223 0.007142 284040.312500 0.000000 0 (null) /StrobeMediaPlayback.swf
1513489408 0.009257 219144.000000 0.000000 0 (null) /StrobeMediaPlayback.swf
1513491748 0.004969 408254.375000 0.000000 0 (null) /StrobeMediaPlayback.swf
1513492179 0.000958 17912.316406 0.000000 0 (null) /index.html
1513492179 0.001362 61603.523438 0.000000 0 (null) /swfobject.js
1513492239 0.022653 89551.757812 0.000000 0 (null) /StrobeMediaPlayback.swf
1513492239 0.005148 41634.808594 10.000000 10 (null) /vod/10Seg1-Frag1
1513492240 0.003914 58062.339844 29036.169922 10 (null) /vod/10Seg1-Frag2
1513492240 0.026041 42261.972656 35649.070312 1000 (null) /vod/1000Seg1-Frag3
1513492240 0.014722 81044.968750 58347.019531 1000 (null) /vod/1000Seg1-Frag4
1513492241 0.016713 81965.414062 70156.218750 1000 (null) /vod/1000Seg1-Frag5
1513492241 0.017098 80983.039062 75569.625000 1000 (null) /vod/1000Seg1-Frag6
1513492241 0.029392 48192.707031 61881.164062 1000 (null) /vod/1000Seg2-Frag7
1513492242 0.034153 42827.742188 52354.453125 1000 (null) /vod/1000Seg2-Frag8
1513492242 0.022226 72508.234375 62431.343750 1000 (null) /vod/1000Seg2-Frag9
1513492242 0.025446 63397.625000 62914.484375 1000 (null) /vod/1000Seg2-Frag10
1513492243 0.019798 75083.539062 68999.015625 1000 (null) /vod/1000Seg2-Frag11
1513492243 0.044809 62396.390625 65697.703125 1000 (null) /vod/1000Seg2-Frag12
1513492244 0.028936 55049.488281 60373.593750 1000 (null) /vod/1000Seg3-Frag13
1513492244 0.020851 69586.679688 64980.136719 1000 (null) /vod/1000Seg3-Frag14
1513492244 0.024499 49366.261719 57173.199219 1000 (null) /vod/1000Seg3-Frag15
1513492244 0.008178 74928.835938 66051.015625 1000 (null) /vod/1000Seg3-Frag16
1513492248 0.007331 89569.226562 77810.125000 1000 (null) /vod/1000Seg3-Frag17
1513492248 0.009519 76120.601562 76965.359375 1000 (null) /vod/1000Seg3-Frag18
1513492248 0.016873 33758.074219 55361.718750 1000 (null) /vod/1000Seg4-Frag19
1513492251 0.014419 80383.375000 67872.546875 1000 (null) /vod/1000Seg4-Frag20
1513492251 0.008521 77532.687500 72702.617188 1000 (null) /vod/1000Seg4-Frag21
1513492252 0.009363 56700.628906 64701.625000 1000 (null) /vod/1000Seg4-Frag22
1513492254 0.033705 62606.261719 63653.945312 1000 (null) /vod/1000Seg4-Frag23
1513492255 0.034531 62334.246094 62994.093750 1000 (null) /vod/1000Seg4-Frag24
1513492255 0.034874 62413.488281 62703.789062 1000 (null) /vod/1000Seg5-Frag25
1513492257 0.021590 74959.890625 68831.843750 1000 (null) /vod/1000Seg5-Frag26
1513492258 0.045768 30833.597656 49832.718750 1000 (null) /vod/1000Seg5-Frag27
1513492258 0.015293 90502.585938 70167.656250 1000 (null) /vod/1000Seg5-Frag28
1513492259 0.019160 83612.523438 76890.093750 1000 (null) /vod/1000Seg5-Frag29
1513492262 0.037751 38994.250000 57942.171875 1000 (null) /vod/1000Seg5-Frag30
1513492262 0.030878 49515.382812 53728.777344 1000 (null) /vod/1000Seg6-Frag31
1513492262 0.025530 66227.968750 59978.375000 1000 (null) /vod/1000Seg6-Frag32
1513492265 0.017941 73624.875000 66801.625000 1000 (null) /vod/1000Seg6-Frag33
1513492265 0.009743 86730.578125 76766.101562 1000 (null) /vod/1000Seg6-Frag34
1513492266 0.009623 88945.234375 82855.671875 1000 (null) /vod/1000Seg6-Frag35
1513492268 0.010711 82470.734375 82663.203125 1000 (null) /vod/1000Seg6-Frag36
1513492269 0.023456 37161.664062 59912.433594 1000 (null) /vod/1000Seg7-Frag37
1513492269 0.011049 78376.687500 69144.562500 1000 (null) /vod/1000Seg7-Frag38
1513492272 0.011708 76070.382812 72607.468750 1000 (null) /vod/1000Seg7-Frag39
1513492272 0.012131 70460.804688 71534.140625 1000 (null) /vod/1000Seg7-Frag40
1513492272 0.011354 77910.867188 74722.500000 1000 (null) /vod/1000Seg7-Frag41
1513492275 0.011473 76484.265625 75603.382812 1000 (null) /vod/1000Seg7-Frag42
1513492275 0.019556 46339.128906 60971.257812 1000 (null) /vod/1000Seg8-Frag43
1513492275 0.011091 93212.875000 77092.062500 1000 (null) /vod/1000Seg8-Frag44
1513492278 0.012927 85166.867188 81129.468750 1000 (null) /vod/1000Seg8-Frag45
1513492278 0.019379 58641.621094 69885.546875 1000 (null) /vod/1000Seg8-Frag46
1513492279 0.012664 81482.625000 75684.085938 1000 (null) /vod/1000Seg8-Frag47
1513492279 0.019272 83284.765625 79484.421875 1000 (null) /vod/1000Seg8-Frag48
1513492282 0.031008 56831.531250 68157.976562 1000 (null) /vod/1000Seg9-Frag49
1513492283 0.015612 81223.671875 74690.828125 1000 (null) /vod/1000Seg9-Frag50
1513492283 0.019131 57407.976562 66049.406250 1000 (null) /vod/1000Seg9-Frag51
1513492286 0.016980 75598.109375 70823.757812 1000 (null) /vod/1000Seg9-Frag52
1513492286 0.015348 84986.710938 77905.234375 1000 (null) /vod/1000Seg9-Frag53
1513492286 0.016874 85813.437500 81859.335938 1000 (null) /vod/1000Seg9-Frag54
1513492289 0.021942 72924.617188 77391.976562 1000 (null) /vod/1000Seg10-Frag55
1513492289 0.012462 96933.398438 87162.687500 1000 (null) /vod/1000Seg10-Frag56
1513492290 0.005593 89929.554688 88546.125000 1000 (null) /vod/1000Seg10-Frag57
1513492292 0.007790 82790.242188 85668.187500 1000 (null) /vod/1000Seg10-Frag58
1513492292 0.008728 65510.539062 75589.359375 1000 (null) /vod/1000Seg10-Frag59
1513492293 0.024024 22196.470703 48892.914062 1000 (null) /vod/1000Seg10-Frag60
1513492295 0.026008 27083.050781 37987.984375 1000 (null) /vod/1000Seg11-Frag61
1513492296 0.006812 96043.453125 67015.718750 1000 (null) /vod/1000Seg11-Frag62
1513492296 0.009794 81780.679688 74398.203125 1000 (null) /vod/1000Seg11-Frag63
1513492299 0.012630 91002.375000 82700.289062 1000 (null) /vod/1000Seg11-Frag64
1513492299 0.018284 67162.984375 74931.640625 1000 (null) /vod/1000Seg11-Frag65
1513492299 0.019419 80398.367188 77665.000000 1000 (null) /vod/1000Seg11-Frag66
1513492302 0.030950 43550.761719 60607.882812 1000 (null) /vod/1000Seg12-Frag67
1513492302 0.011319 87809.875000 74208.875000 1000 (null) /vod/1000Seg12-Frag68
1513492302 0.025901 41216.324219 57712.601562 1000 (null) /vod/1000Seg12-Frag69
1513492303 0.018428 38570.437500 48141.519531 1000 (null) /vod/1000Seg12-Frag70
1513492306 0.008690 80733.718750 64437.617188 1000 (null) /vod/1000Seg12-Frag71
1513492306 0.011217 81361.507812 72899.562500 1000 (null) /vod/1000Seg12-Frag72
1513492307 0.026555 36769.574219 54834.570312 1000 (null) /vod/1000Seg13-Frag73
1513492307 0.017656 74659.265625 64746.917969 1000 (null) /vod/1000Seg13-Frag74
1513492310 0.019338 84672.671875 74709.796875 1000 (null) /vod/1000Seg13-Frag75
1513492310 0.037828 59874.589844 67292.195312 1000 (null) /vod/1000Seg13-Frag76
1513492311 0.032333 74008.601562 70650.398438 1000 (null) /vod/1000Seg13-Frag77
1513492313 0.037922 63175.570312 66912.984375 1000 (null) /vod/1000Seg13-Frag78
1513492314 0.037803 56638.253906 61775.617188 1000 (null) /vod/1000Seg14-Frag79
1513492314 0.037848 61790.953125 61783.285156 1000 (null) /vod/1000Seg14-Frag80
1513492317 0.012287 78011.554688 69897.421875 1000 (null) /vod/1000Seg14-Frag81
1513492318 0.013594 70765.929688 70331.671875 1000 (null) /vod/1000Seg14-Frag82
1513492318 0.011180 67353.132812 68842.406250 1000 (null) /vod/1000Seg14-Frag83
1513492321 0.015654 39909.031250 54375.718750 1000 (null) /vod/1000Seg15-Frag84
1513492321 0.008346 78196.023438 66285.875000 1000 (null) /vod/1000Seg15-Frag85
1513492321 0.008212 96329.273438 81307.578125 1000 (null) /vod/1000Seg15-Frag86
1513492324 0.008577 100307.335938 90807.453125 1000 (null) /vod/1000Seg15-Frag87
1513492324 0.007401 87676.796875 89242.125000 1000 (null) /vod/1000Seg15-Frag88
1513492324 0.007895 84907.406250 87074.765625 1000 (null) /vod/1000Seg15-Frag89
1513492325 0.019730 60491.027344 73782.898438 1000 (null) /vod/1000Seg16-Frag90
1513492327 0.010466 89002.101562 81392.500000 1000 (null) /vod/1000Seg16-Frag91
1513492328 0.012162 63322.480469 72357.492188 1000 (null) /vod/1000Seg16-Frag92
1513492328 0.009037 89052.562500 80705.031250 1000 (null) /vod/1000Seg16-Frag93
1513492331 0.014668 51015.000000 65860.015625 1000 (null) /vod/1000Seg16-Frag94
1513492331 0.014288 65230.125000 65545.070312 1000 (null) /vod/1000Seg16-Frag95
1513492331 0.020802 55987.695312 60766.382812 1000 (null) /vod/1000Seg17-Frag96
1513492334 0.014089 78729.218750 69747.796875 1000 (null) /vod/1000Seg17-Frag97
1513492334 0.012835 70977.796875 70362.796875 1000 (null) /vod/1000Seg17-Frag98
1513492335 0.012664 70397.343750 70380.070312 1000 (null) /vod/1000Seg17-Frag99
1513492337 0.027873 56572.886719 63476.476562 1000 (null) /vod/1000Seg17-Frag100
1513492338 0.016841 70581.562500 67029.015625 1000 (null) /vod/1000Seg17-Frag101
1513492338 0.035109 52294.285156 59661.648438 1000 (null) /vod/1000Seg18-Frag102
1513492338 0.023688 57696.046875 58678.847656 1000 (null) /vod/1000Seg18-Frag103
1513492342 0.020690 77093.859375 67886.351562 1000 (null) /vod/1000Seg18-Frag104
1513492342 0.017545 51006.210938 59446.281250 1000 (null) /vod/1000Seg18-Frag105
1513492342 0.013951 83275.460938 71360.875000 1000 (null) /vod/1000Seg18-Frag106
1513492345 0.013891 64322.511719 67841.695312 1000 (null) /vod/1000Seg18-Frag107
1513492345 0.027860 35537.976562 51689.835938 1000 (null) /vod/1000Seg19-Frag108
1513492346 0.010889 91227.476562 71458.656250 1000 (null) /vod/1000Seg19-Frag109
1513492348 0.012580 83414.945312 77436.796875 1000 (null) /vod/1000Seg19-Frag110
1513492348 0.010837 94010.515625 85723.656250 1000 (null) /vod/1000Seg19-Frag111
1513492349 0.014666 81622.804688 83673.234375 1000 (null) /vod/1000Seg19-Frag112
1513492351 0.043471 43310.160156 63491.695312 1000 (null) /vod/1000Seg19-Frag113
1513492352 0.029383 50044.175781 56767.937500 1000 (null) /vod/1000Seg20-Frag114
1513492352 0.016499 88488.750000 72628.343750 1000 (null) /vod/1000Seg20-Frag115
1513492355 0.025396 72008.820312 72318.578125 1000 (null) /vod/1000Seg20-Frag116
1513492355 0.029901 54838.566406 63578.570312 1000 (null) /vod/1000Seg20-Frag117
1513492355 0.037328 71915.343750 67746.953125 1000 (null) /vod/1000Seg20-Frag118
1513492358 0.049889 39576.179688 53661.566406 1000 (null) /vod/1000Seg21-Frag119
1513492359 0.013068 80530.148438 67095.859375 1000 (null) /vod/1000Seg21-Frag120
1513492359 0.023698 61209.554688 64152.707031 1000 (null) /vod/1000Seg21-Frag121
1513492362 0.019125 65529.308594 64841.007812 1000 (null) /vod/1000Seg21-Frag122
1513492362 0.013942 67569.648438 66205.328125 1000 (null) /vod/1000Seg21-Frag123
1513492362 0.011256 84316.273438 75260.796875 1000 (null) /vod/1000Seg21-Frag124
1513492363 0.020746 47105.753906 61183.273438 1000 (null) /vod/1000Seg22-Frag125
1513492365 0.021135 50044.761719 55614.015625 1000 (null) /vod/1000Seg22-Frag126
1513492366 0.021557 73274.757812 64444.386719 1000 (null) /vod/1000Seg22-Frag127
1513492366 0.018214 74861.531250 69652.960938 1000 (null) /vod/1000Seg22-Frag128
1513492369 0.030147 34684.445312 52168.703125 1000 (null) /vod/1000Seg22-Frag129
1513492369 0.011127 91020.398438 71594.546875 1000 (null) /vod/1000Seg22-Frag130
1513492369 0.021346 53669.632812 62632.089844 1000 (null) /vod/1000Seg23-Frag131
1513492372 0.024510 45836.636719 54234.363281 1000 (null) /vod/1000Seg23-Frag132
1513492372 0.014536 77335.164062 65784.765625 1000 (null) /vod/1000Seg23-Frag133
1513492373 0.012994 94305.070312 80044.921875 1000 (null) /vod/1000Seg23-Frag134
1513492375 0.016590 81725.375000 80885.148438 1000 (null) /vod/1000Seg23-Frag135
1513492376 0.021279 62112.691406 71498.921875 1000 (null) /vod/1000Seg23-Frag136
1513492376 0.024132 43871.375000 57685.148438 1000 (null) /vod/1000Seg24-Frag137
1513492378 0.015613 87828.351562 72756.750000 1000 (null) /vod/1000Seg24-Frag138
1513492379 0.019455 69681.617188 71219.187500 1000 (null) /vod/1000Seg24-Frag139
1513492379 0.023041 64233.324219 67726.257812 1000 (null) /vod/1000Seg24-Frag140
1513492382 0.012900 90486.820312 79106.539062 1000 (null) /vod/1000Seg24-Frag141
1513492382 0.017778 67233.203125 73169.875000 1000 (null) /vod/1000Seg24-Frag142
1513492382 0.024607 66232.539062 69701.203125 1000 (null) /vod/1000Seg25-Frag143
1513492385 0.015348 84535.835938 77118.515625 1000 (null) /vod/1000Seg25-Frag144
1513492385 0.013933 81670.851562 79394.687500 1000 (null) /vod/1000Seg25-Frag145
1513492386 0.016078 58533.152344 68963.921875 1000 (null) /vod/1000Seg25-Frag146
1513492388 0.022360 62203.582031 65583.750000 1000 (null) /vod/1000Seg25-Frag147
1513492388 0.015275 91649.359375 78616.554688 1000 (null) /vod/1000Seg25-Frag148
1513492389 0.023622 52653.625000 65635.093750 1000 (null) /vod/1000Seg26-Frag149
1513492389 0.011532 85124.523438 75379.812500 1000 (null) /vod/1000Seg26-Frag150
1513492392 0.014508 87364.218750 81372.015625 1000 (null) /vod/1000Seg26-Frag151
1513492392 0.017521 89664.289062 85518.156250 1000 (null) /vod/1000Seg26-Frag152
1513492392 0.039668 36062.117188 60790.136719 1000 (null) /vod/1000Seg26-Frag153
1513492395 0.022367 70690.929688 65740.531250 1000 (null) /vod/1000Seg26-Frag154
1513492396 0.019253 59955.332031 62847.929688 1000 (null) /vod/1000Seg27-Frag155
1513492396 0.010859 89388.710938 76118.320312 1000 (null) /vod/1000Seg27-Frag156
1513492397 0.012139 74114.835938 75116.578125 1000 (null) /vod/1000Seg27-Frag157
1513492400 0.012099 69609.718750 72363.148438 1000 (null) /vod/1000Seg27-Frag158
1513492400 0.011418 88496.757812 80429.953125 1000 (null) /vod/1000Seg27-Frag159
1513492400 0.014169 74469.054688 77449.500000 1000 (null) /vod/1000Seg27-Frag160
1513492403 0.041317 55228.402344 66338.953125 1000 (null) /vod/1000Seg28-Frag161
1513492403 0.017408 78686.117188 72512.531250 1000 (null) /vod/1000Seg28-Frag162
1513492406 0.018167 71813.726562 72163.125000 1000 (null) /vod/1000Seg28-Frag163
1513492406 0.016195 79960.484375 76061.804688 1000 (null) /vod/1000Seg28-Frag164
1513492407 0.024119 54993.660156 65527.734375 1000 (null) /vod/1000Seg28-Frag165
1513492409 0.022988 50473.984375 58000.859375 1000 (null) /vod/1000Seg29-Frag166
1513492410 0.006878 95311.429688 76656.140625 1000 (null) /vod/1000Seg29-Frag167
1513492410 0.022665 61142.726562 68899.437500 1000 (null) /vod/1000Seg29-Frag168
1513492413 0.014406 86585.031250 77742.234375 1000 (null) /vod/1000Seg29-Frag169
1513492413 0.051918 16091.220703 46916.726562 1000 (null) /vod/1000Seg29-Frag170
1513492413 0.031175 20546.207031 33731.468750 1000 (null) /vod/1000Seg29-Frag171
1513492414 0.015853 33729.390625 33730.429688 1000 (null) /vod/1000Seg30-Frag172
1513492417 0.010051 68681.726562 51206.078125 1000 (null) /vod/1000Seg30-Frag173
1513492417 0.009161 78101.515625 64653.796875 1000 (null) /vod/1000Seg30-Frag174
1513492417 0.011523 83595.593750 74124.695312 1000 (null) /vod/1000Seg30-Frag175
1513492420 0.025889 29471.048828 51797.871094 1000 (null) /vod/1000Seg30-Frag176
1513492420 0.025443 77596.195312 64697.031250 1000 (null) /vod/1000Seg30-Frag177
1513492421 0.034931 68503.960938 66600.500000 1000 (null) /vod/1000Seg31-Frag178
1513492423 0.015019 78859.046875 72729.773438 1000 (null) /vod/1000Seg31-Frag179
1513492424 0.013655 77391.726562 75060.750000 1000 (null) /vod/1000Seg31-Frag180
1513492424 0.026058 66038.835938 70549.796875 1000 (null) /vod/1000Seg31-Frag181
1513493608 0.020790 825.396851 0.000000 0 (null) /index.html
1513493608 0.174942 479.610382 0.000000 0 (null) /swfobject.js
1513493612 4.231237 479.438019 0.000000 0 (null) /StrobeMediaPlayback.swf
1513493613 0.418972 511.575958 10.000000 10 (null) /vod/10Seg1-Frag1
1513493614 0.443148 512.821899 261.410950 10 (null) /vod/10Seg1-Frag2
1513493615 0.612003 509.187042 385.299011 100 (null) /vod/100Seg1-Frag3
1513493616 0.663197 508.446198 446.872620 100 (null) /vod/100Seg1-Frag4
1513493616 0.691579 516.221558 481.547089 100 (null) /vod/100Seg1-Frag5
1513493617 0.690010 514.531677 498.039368 100 (null) /vod/100Seg1-Frag6
1513493618 0.690083 510.280640 504.160004 100 (null) /vod/100Seg2-Frag7
1513493619 0.670953 508.888092 506.524048 100 (null) /vod/100Seg2-Frag8
1513493619 0.691504 514.704163 510.614105 100 (null) /vod/100Seg2-Frag9
1513493620 0.690614 543.076172 526.845154 100 (null) /vod/100Seg2-Frag10
1513493621 0.691351 538.146301 532.495728 100 (null) /vod/100Seg2-Frag11
1513493623 1.041998 640.362061 586.428894 100 (null) /vod/100Seg2-Frag12
1513493624 0.757895 442.742065 514.585449 100 (null) /vod/100Seg3-Frag13
1513493624 0.651627 504.411255 509.498352 100 (null) /vod/100Seg3-Frag14
1513493625 0.576698 510.811554 510.154968 100 (null) /vod/100Seg3-Frag15
1513493626 0.536218 511.612823 510.883911 100 (null) /vod/100Seg3-Frag16
1513493626 0.533777 509.905823 510.394867 100 (null) /vod/100Seg3-Frag17
1513493627 0.552273 510.356293 510.375580 100 (null) /vod/100Seg3-Frag18
1513493628 0.514422 511.782166 511.078857 100 (null) /vod/100Seg4-Frag19
1513493628 0.667033 508.520569 509.799713 100 (null) /vod/100Seg4-Frag20
1513493629 0.526678 511.553558 510.676636 100 (null) /vod/100Seg4-Frag21
1513493630 0.513557 511.242188 510.959412 100 (null) /vod/100Seg4-Frag22
1513493630 0.690312 570.895508 540.927490 100 (null) /vod/100Seg4-Frag23
1513493631 0.738773 483.255341 512.091431 100 (null) /vod/100Seg4-Frag24
1513493632 0.690774 549.597961 530.844727 100 (null) /vod/100Seg5-Frag25
1513493633 0.694579 498.776947 514.810852 100 (null) /vod/100Seg5-Frag26
1513493633 0.618649 509.212830 512.011841 100 (null) /vod/100Seg5-Frag27
1513493634 0.629486 508.440216 510.226013 100 (null) /vod/100Seg5-Frag28
1513493635 0.664898 508.456940 509.341492 100 (null) /vod/100Seg5-Frag29
1513493636 0.644254 499.442780 504.392151 100 (null) /vod/100Seg5-Frag30
1513493636 0.648534 508.284851 506.338501 100 (null) /vod/100Seg6-Frag31
1513493637 0.638021 509.575714 507.957092 100 (null) /vod/100Seg6-Frag32
1513493638 0.586655 493.468903 500.713013 100 (null) /vod/100Seg6-Frag33
1513493639 0.571185 509.761292 505.237152 100 (null) /vod/100Seg6-Frag34
1513493641 0.595141 510.144653 507.690918 100 (null) /vod/100Seg6-Frag35
1513493642 0.618195 509.315033 508.502991 100 (null) /vod/100Seg6-Frag36
1513493643 0.588230 507.420563 507.961792 100 (null) /vod/100Seg7-Frag37
1513493643 0.562770 510.858795 509.410278 100 (null) /vod/100Seg7-Frag38
1513493644 0.570442 507.914917 508.662598 100 (null) /vod/100Seg7-Frag39
1513493647 0.548749 508.691589 508.677094 100 (null) /vod/100Seg7-Frag40
1513493648 0.562159 507.272858 507.974976 100 (null) /vod/100Seg7-Frag41
1513493648 0.515796 512.031860 510.003418 100 (null) /vod/100Seg7-Frag42
1513493649 0.518592 511.862885 510.933167 100 (null) /vod/100Seg8-Frag43
1513493649 0.579321 510.224915 510.579041 100 (null) /vod/100Seg8-Frag44
1513493652 0.659754 497.931061 504.255066 100 (null) /vod/100Seg8-Frag45
1513493653 0.635926 509.468079 506.861572 100 (null) /vod/100Seg8-Frag46
1513493654 0.596539 510.129272 508.495422 100 (null) /vod/100Seg8-Frag47
1513493655 0.690354 542.666504 525.580933 100 (null) /vod/100Seg8-Frag48
1513493655 0.695404 568.762878 547.171875 100 (null) /vod/100Seg9-Frag49
1513493656 0.679024 503.063232 525.117554 100 (null) /vod/100Seg9-Frag50
1513493659 0.582892 509.500916 517.309204 100 (null) /vod/100Seg9-Frag51
1513493660 0.659247 509.089905 513.199585 100 (null) /vod/100Seg9-Frag52
1513493660 0.586595 507.798401 510.498993 100 (null) /vod/100Seg9-Frag53
1513493661 0.620368 508.511078 509.505035 100 (null) /vod/100Seg9-Frag54
1513493662 0.667669 505.196442 507.350739 100 (null) /vod/100Seg10-Frag55
1513493663 0.690024 534.879944 521.115356 100 (null) /vod/100Seg10-Frag56
1513493665 0.526009 510.211792 515.663574 100 (null) /vod/100Seg10-Frag57
1513493666 0.550151 510.638000 513.150757 100 (null) /vod/100Seg10-Frag58
1513493666 0.549860 497.784882 505.467834 100 (null) /vod/100Seg10-Frag59
1513493667 0.493285 512.417786 508.942810 100 (null) /vod/100Seg10-Frag60
1513493668 0.545654 510.931824 509.937317 100 (null) /vod/100Seg11-Frag61
1513493671 0.536489 511.578064 510.757690 100 (null) /vod/100Seg11-Frag62
1513493671 0.597114 510.522278 510.639984 100 (null) /vod/100Seg11-Frag63
1513493672 0.690687 516.957764 513.798889 100 (null) /vod/100Seg11-Frag64
1513493673 0.690852 519.173401 516.486145 100 (null) /vod/100Seg11-Frag65
1513493674 0.690532 543.337585 529.911865 100 (null) /vod/100Seg11-Frag66
1513493675 0.692506 512.261292 521.086548 100 (null) /vod/100Seg12-Frag67
1513493677 0.641805 506.982635 514.034607 100 (null) /vod/100Seg12-Frag68
1513493678 0.587489 510.062317 512.048462 100 (null) /vod/100Seg12-Frag69
1513493679 0.536674 496.077698 504.063080 100 (null) /vod/100Seg12-Frag70
1513493679 0.495674 499.618713 501.840881 100 (null) /vod/100Seg12-Frag71
1513493680 0.583250 507.651947 504.746399 100 (null) /vod/100Seg12-Frag72
1513493681 0.546813 509.175903 506.961151 100 (null) /vod/100Seg13-Frag73
1513493682 0.615635 510.081451 508.521301 100 (null) /vod/100Seg13-Frag74
1513493682 0.690736 582.115295 545.318298 100 (null) /vod/100Seg13-Frag75
1513493685 0.690233 508.767334 527.042847 100 (null) /vod/100Seg13-Frag76
1513493686 0.690491 529.814270 528.428589 100 (null) /vod/100Seg13-Frag77
1513493687 0.696315 548.257629 538.343140 100 (null) /vod/100Seg13-Frag78
1513493688 0.691455 520.016479 529.179810 100 (null) /vod/100Seg14-Frag79
1513493689 1.043134 536.468018 532.823914 100 (null) /vod/100Seg14-Frag80
1513493692 0.616010 510.121582 521.472778 100 (null) /vod/100Seg14-Frag81
1513493692 0.605129 508.440338 514.956543 100 (null) /vod/100Seg14-Frag82
1513493693 0.562937 509.982452 512.469482 100 (null) /vod/100Seg14-Frag83
1513493693 0.472442 511.368591 511.919037 100 (null) /vod/100Seg15-Frag84
1513493694 0.448958 511.548950 511.734009 100 (null) /vod/100Seg15-Frag85
1513493697 0.457051 510.630096 511.182068 100 (null) /vod/100Seg15-Frag86
1513493697 0.521439 511.492249 511.337158 100 (null) /vod/100Seg15-Frag87
1513493698 0.450060 513.407104 512.372131 100 (null) /vod/100Seg15-Frag88
1513493698 0.424466 512.794922 512.583496 100 (null) /vod/100Seg15-Frag89
1513493699 0.651055 509.634369 511.108948 100 (null) /vod/100Seg16-Frag90
1513493702 0.481492 511.310669 511.209808 100 (null) /vod/100Seg16-Frag91
1513493703 0.557921 508.315704 509.762756 100 (null) /vod/100Seg16-Frag92
1513493704 0.548405 510.950836 510.356812 100 (null) /vod/100Seg16-Frag93
1513493704 0.533567 509.701691 510.029236 100 (null) /vod/100Seg16-Frag94
1513493705 0.590266 509.424561 509.726898 100 (null) /vod/100Seg16-Frag95
1513493706 0.690500 507.956543 508.841736 100 (null) /vod/100Seg17-Frag96
1513493708 0.670927 509.205933 509.023834 100 (null) /vod/100Seg17-Frag97
1513493709 0.651437 494.414642 501.719238 100 (null) /vod/100Seg17-Frag98
1513493710 0.625212 500.489441 501.104340 100 (null) /vod/100Seg17-Frag99
1513493711 0.691021 552.457886 526.781128 100 (null) /vod/100Seg17-Frag100
1513493711 0.623631 494.279480 510.530304 100 (null) /vod/100Seg17-Frag101
1513493712 0.690292 510.102966 510.316650 100 (null) /vod/100Seg18-Frag102
1513493715 0.636023 508.660858 509.488770 100 (null) /vod/100Seg18-Frag103
1513493716 0.690222 517.224915 513.356812 100 (null) /vod/100Seg18-Frag104
1513493716 0.588980 509.599640 511.478210 100 (null) /vod/100Seg18-Frag105
1513493717 0.650170 508.790009 510.134094 100 (null) /vod/100Seg18-Frag106
1513493718 0.576862 508.100739 509.117432 100 (null) /vod/100Seg18-Frag107
1513493718 0.593302 510.256165 509.686798 100 (null) /vod/100Seg19-Frag108
1513493721 0.600865 508.773193 509.229980 100 (null) /vod/100Seg19-Frag109
1513493722 0.650555 460.824982 485.027466 100 (null) /vod/100Seg19-Frag110
1513493723 0.621304 509.547668 497.287567 100 (null) /vod/100Seg19-Frag111
1513493723 0.691419 513.795532 505.541565 100 (null) /vod/100Seg19-Frag112
1513493724 0.690511 566.119873 535.830688 100 (null) /vod/100Seg19-Frag113
1513493725 0.693222 472.160431 503.995544 100 (null) /vod/100Seg20-Frag114
1513493728 0.627754 507.612854 505.804199 100 (null) /vod/100Seg20-Frag115
1513493728 0.690314 524.410645 515.107422 100 (null) /vod/100Seg20-Frag116
1513493729 0.690363 519.622314 517.364868 100 (null) /vod/100Seg20-Frag117
1513493730 1.044257 531.876709 524.620789 100 (null) /vod/100Seg20-Frag118
1513493731 0.690769 559.515564 542.068176 100 (null) /vod/100Seg21-Frag119
1513493734 0.568359 510.170502 526.119324 100 (null) /vod/100Seg21-Frag120
1513493734 0.646386 508.402100 517.260742 100 (null) /vod/100Seg21-Frag121
1513493735 0.574197 509.929504 513.595093 100 (null) /vod/100Seg21-Frag122
1513493736 0.384893 514.491028 514.043091 100 (null) /vod/100Seg21-Frag123
1513493736 0.515218 511.006989 512.525024 100 (null) /vod/100Seg21-Frag124
1513493737 0.609422 509.243195 510.884094 100 (null) /vod/100Seg22-Frag125
1513493740 0.592455 510.080933 510.482513 100 (null) /vod/100Seg22-Frag126
1513493740 0.690697 556.168640 533.325562 100 (null) /vod/100Seg22-Frag127
1513493741 0.712762 499.746063 516.535828 100 (null) /vod/100Seg22-Frag128
1513493742 0.593169 509.156738 512.846313 100 (null) /vod/100Seg22-Frag129
1513493743 0.561984 496.697418 504.771851 100 (null) /vod/100Seg22-Frag130
1513493743 0.562154 509.967010 507.369446 100 (null) /vod/100Seg23-Frag131
1513493746 0.567185 507.657990 507.513733 100 (null) /vod/100Seg23-Frag132
1513493747 0.571703 509.789185 508.651459 100 (null) /vod/100Seg23-Frag133
1513493748 0.598519 510.179291 509.415375 100 (null) /vod/100Seg23-Frag134
1513493748 0.621768 509.205994 509.310669 100 (null) /vod/100Seg23-Frag135
1513493749 0.592312 506.557343 507.934021 100 (null) /vod/100Seg23-Frag136
1513493750 0.574727 508.860718 508.397369 100 (null) /vod/100Seg24-Frag137
1513493753 0.658232 508.732483 508.564941 100 (null) /vod/100Seg24-Frag138
1513493754 0.681213 508.387238 508.476074 100 (null) /vod/100Seg24-Frag139
1513493754 0.688920 511.618195 510.047119 100 (null) /vod/100Seg24-Frag140
1513493755 0.590982 509.985077 510.016113 100 (null) /vod/100Seg24-Frag141
1513493756 0.584193 510.297119 510.156616 100 (null) /vod/100Seg24-Frag142
1513493757 0.692232 528.608887 519.382751 100 (null) /vod/100Seg25-Frag143
1513493759 0.683662 507.701172 513.541992 100 (null) /vod/100Seg25-Frag144
1513493760 0.610960 509.205200 511.373596 100 (null) /vod/100Seg25-Frag145
1513493761 0.554055 510.100983 510.737305 100 (null) /vod/100Seg25-Frag146
1513493761 0.582335 509.988251 510.362793 100 (null) /vod/100Seg25-Frag147
1513493762 0.569581 509.286652 509.824707 100 (null) /vod/100Seg25-Frag148
1513493763 0.436614 512.177795 511.001251 100 (null) /vod/100Seg26-Frag149
1513493766 0.610331 507.318146 509.159698 100 (null) /vod/100Seg26-Frag150
1513493766 0.690233 508.350067 508.754883 100 (null) /vod/100Seg26-Frag151
1513493767 0.689981 539.180054 523.967468 100 (null) /vod/100Seg26-Frag152
1513493768 0.666482 508.724915 516.346191 100 (null) /vod/100Seg26-Frag153
1513493769 0.679478 507.966400 512.156311 100 (null) /vod/100Seg26-Frag154
1513493769 0.561732 510.207703 511.182007 100 (null) /vod/100Seg27-Frag155
1513493770 0.517058 510.054962 510.618469 100 (null) /vod/100Seg27-Frag156
1513493773 0.522301 511.260742 510.939606 100 (null) /vod/100Seg27-Frag157
1513493774 0.525933 509.966095 510.452850 100 (null) /vod/100Seg27-Frag158
1513493774 0.601610 509.632477 510.042664 100 (null) /vod/100Seg27-Frag159
1513493775 0.560423 510.600037 510.321350 100 (null) /vod/100Seg27-Frag160
1513493776 1.043493 537.241760 523.781555 100 (null) /vod/100Seg28-Frag161
1513493779 0.666551 509.236359 516.508972 100 (null) /vod/100Seg28-Frag162
1513493780 0.653908 508.817749 512.663330 100 (null) /vod/100Seg28-Frag163
1513493781 0.614896 509.393463 511.028381 100 (null) /vod/100Seg28-Frag164
1513493782 0.615209 508.471100 509.749756 100 (null) /vod/100Seg28-Frag165
1513493782 0.678579 492.240417 500.995087 100 (null) /vod/100Seg29-Frag166
1513493783 0.551622 509.435822 505.215454 100 (null) /vod/100Seg29-Frag167
1513493786 0.690237 521.896118 513.555786 100 (null) /vod/100Seg29-Frag168
1513493787 0.594782 495.549622 504.552704 100 (null) /vod/100Seg29-Frag169
1513493787 0.607292 509.949097 507.250916 100 (null) /vod/100Seg29-Frag170
1513493788 0.575203 506.047424 506.649170 100 (null) /vod/100Seg29-Frag171
1513493789 0.466257 512.043762 509.346466 100 (null) /vod/100Seg30-Frag172
1513493789 0.532920 511.296265 510.321350 100 (null) /vod/100Seg30-Frag173
1513493792 0.530911 509.207764 509.764557 100 (null) /vod/100Seg30-Frag174
1513493793 0.567679 510.401123 510.082825 100 (null) /vod/100Seg30-Frag175
1513493793 0.397631 504.226288 507.154541 100 (null) /vod/100Seg30-Frag176
1513493794 0.690209 597.453796 552.304199 100 (null) /vod/100Seg30-Frag177
1513493795 1.086545 539.935303 546.119751 100 (null) /vod/100Seg31-Frag178
1513493796 0.683004 452.073486 499.096619 100 (null) /vod/100Seg31-Frag179
1513493799 0.498598 511.016876 505.056763 100 (null) /vod/100Seg31-Frag180
1513493799 0.690817 569.354858 537.205811 100 (null) /vod/100Seg31-Frag181
1513493800 0.735040 553.221619 545.213745 100 (null) /vod/100Seg31-Frag182
1513493801 0.732495 528.571533 536.892639 100 (null) /vod/100Seg32-Frag183
1513493802 0.690387 563.996704 550.444702 100 (null) /vod/100Seg32-Frag184
1513493803 0.711377 519.611938 535.028320 100 (null) /vod/100Seg32-Frag185
1513493803 0.690314 541.979431 538.503906 100 (null) /vod/100Seg32-Frag186
1513493806 0.690570 569.616394 554.060181 100 (null) /vod/100Seg32-Frag187
1513493807 0.706361 541.332275 547.696228 100 (null) /vod/100Seg32-Frag188
1513493808 0.494442 511.218719 529.457458 100 (null) /vod/100Seg33-Frag189
1513493808 0.508339 511.328064 520.392761 100 (null) /vod/100Seg33-Frag190
1513493809 0.504732 512.382812 516.387817 100 (null) /vod/100Seg33-Frag191
1513493809 0.440882 508.526093 512.456970 100 (null) /vod/100Seg33-Frag192
1513493812 0.691165 626.455322 569.456177 100 (null) /vod/100Seg33-Frag193
1513493813 0.739892 457.742493 513.599365 100 (null) /vod/100Seg33-Frag194
1513493814 0.690814 495.195526 504.397461 100 (null) /vod/100Seg34-Frag195
1513493815 1.042003 626.907959 565.652710 100 (null) /vod/100Seg34-Frag196
1513493816 0.699195 418.069336 491.861023 100 (null) /vod/100Seg34-Frag197
1513493817 0.550439 508.554077 500.207550 100 (null) /vod/100Seg34-Frag198
1513493819 0.518148 510.680359 505.443970 100 (null) /vod/100Seg34-Frag199
1513493820 0.623357 505.302734 505.373352 100 (null) /vod/100Seg35-Frag200
1513493821 0.618616 510.132294 507.752808 100 (null) /vod/100Seg35-Frag201
1513493821 0.546322 510.424255 509.088531 100 (null) /vod/100Seg35-Frag202
1513493822 0.554334 509.165955 509.127258 100 (null) /vod/100Seg35-Frag203
1513493825 0.614949 508.647064 508.887146 100 (null) /vod/100Seg35-Frag204
1513493825 0.522987 508.402679 508.644897 100 (null) /vod/100Seg35-Frag205
1513493826 0.691380 507.275299 507.960083 100 (null) /vod/100Seg36-Frag206
1513493827 0.488796 508.743927 508.351990 100 (null) /vod/100Seg36-Frag207
1513493827 0.514884 509.753662 509.052826 100 (null) /vod/100Seg36-Frag208
1513493828 0.690221 571.202576 540.127686 100 (null) /vod/100Seg36-Frag209
1513493831 0.690432 597.643188 568.885437 100 (null) /vod/100Seg36-Frag210
1513493832 0.726369 587.778381 578.331909 100 (null) /vod/100Seg36-Frag211
1513493833 0.765847 556.382690 567.357300 100 (null) /vod/100Seg37-Frag212
1513493834 0.797500 592.140442 579.748901 100 (null) /vod/100Seg37-Frag213
1513493834 0.851621 394.701385 487.225159 100 (null) /vod/100Seg37-Frag214
1513493835 0.501210 512.008911 499.617035 100 (null) /vod/100Seg37-Frag215
1513493836 0.559252 510.095642 504.856323 100 (null) /vod/100Seg37-Frag216
1513493838 0.597259 497.941437 501.398865 100 (null) /vod/100Seg37-Frag217
1513493839 0.614473 508.936920 505.167908 100 (null) /vod/100Seg38-Frag218
1513493840 0.571566 508.007812 506.587860 100 (null) /vod/100Seg38-Frag219
1513493840 0.528467 510.851196 508.719543 100 (null) /vod/100Seg38-Frag220
1513493841 0.428617 513.969360 511.344452 100 (null) /vod/100Seg38-Frag221
1513493842 0.489593 510.922333 511.133392 100 (null) /vod/100Seg38-Frag222
1513493844 0.484525 511.692902 511.413147 100 (null) /vod/100Seg38-Frag223
1513493845 0.690757 707.235657 609.324402 100 (null) /vod/100Seg39-Frag224
1513493846 0.922760 378.620667 493.972534 100 (null) /vod/100Seg39-Frag225
1513493849 0.012062 35066.820312 17780.396484 100 (null) /vod/100Seg39-Frag226
1513493849 0.134211 127.858376 8954.126953 100 (null) /
1513497852 0.021567 795.660034 0.000000 0 (null) /index.html
1513497852 0.155934 538.073792 0.000000 0 (null) /swfobject.js
1513498046 0.020801 824.960327 0.000000 0 (null) /index.html
1513498046 0.154785 542.068054 0.000000 0 (null) /swfobject.js
1513498106 0.021630 793.342590 0.000000 0 (null) /index.html
1513498107 0.154527 542.973083 0.000000 0 (null) /swfobject.js
1513498455 0.025327 677.537781 0.000000 0 (null) /index.html
1513498456 0.154875 541.753052 0.000000 0 (null) /swfobject.js
1513498671 0.023696 724.172852 0.000000 0 (null) /index.html
1513498672 0.172762 485.662354 0.000000 0 (null) /swfobject.js
1513498712 0.020794 825.238037 0.000000 0 (null) /index.html
1513498712 0.156460 536.264832 0.000000 0 (null) /swfobject.js
1513499088 0.022539 761.346985 0.000000 0 (null) /index.html
1513499088 0.171182 490.144989 0.000000 0 (null) /swfobject.js
1513499207 0.022577 760.065552 0.000000 0 (null) /index.html
1513499207 0.154134 544.357483 0.000000 0 (null) /swfobject.js
1513499774 0.041339 415.104370 0.000000 0 (null) /index.html
1513499774 0.334591 250.765854 0.000000 0 (null) /swfobject.js
1513499843 0.045672 375.722534 0.000000 0 (null) /index.html
1513499843 0.342424 245.029556 0.000000 0 (null) /swfobject.js
1513499965 0.041031 418.220367 0.000000 0 (null) /index.html
1513499965 0.355174 236.233505 0.000000 0 (null) /swfobject.js
1513500054 0.042293 405.740906 0.000000 0 (null) /index.html
1513500054 0.326896 256.668793 0.000000 0 (null) /swfobject.js
1513500144 0.041035 418.179596 0.000000 0 (null) /index.html
1513500144 0.357979 234.382462 0.000000 0 (null) /swfobject.js
1513503075 0.041042 418.108276 0.000000 0 (null) /index.html
1513503075 0.353300 237.486557 0.000000 0 (null) /swfobject.js
1513504227 0.041394 414.552826 0.000000 0 (null) /index.html
1513504228 0.342556 244.935135 0.000000 0 (null) /swfobject.js
